Flow report for DE2_115_NIOS_HOST_MOUSE_VGA
Sun Apr 15 23:12:10 2018
Quartus II 64-Bit Version 15.0.0 Build 145 04/22/2015 SJ Full Version


---------------------
; Table of Contents ;
---------------------
  1. Legal Notice
  2. Flow Summary
  3. Flow Settings
  4. Flow Non-Default Global Settings
  5. Flow Elapsed Time
  6. Flow OS Summary
  7. Flow Log
  8. Flow Messages
  9. Flow Suppressed Messages



----------------
; Legal Notice ;
----------------
Copyright (C) 1991-2015 Altera Corporation. All rights reserved.
Your use of Altera Corporation's design tools, logic functions 
and other software and tools, and its AMPP partner logic 
functions, and any output files from any of the foregoing 
(including device programming or simulation files), and any 
associated documentation or information are expressly subject 
to the terms and conditions of the Altera Program License 
Subscription Agreement, the Altera Quartus II License Agreement,
the Altera MegaCore Function License Agreement, or other 
applicable license agreement, including, without limitation, 
that your use is for the sole purpose of programming logic 
devices manufactured by Altera and sold by Altera or its 
authorized distributors.  Please refer to the applicable 
agreement for further details.



+----------------------------------------------------------------------------------+
; Flow Summary                                                                     ;
+------------------------------------+---------------------------------------------+
; Flow Status                        ; Successful - Sun Apr 15 23:12:00 2018       ;
; Quartus II 64-Bit Version          ; 15.0.0 Build 145 04/22/2015 SJ Full Version ;
; Revision Name                      ; DE2_115_NIOS_HOST_MOUSE_VGA                 ;
; Top-level Entity Name              ; final_top                                   ;
; Family                             ; Cyclone IV E                                ;
; Device                             ; EP4CE115F29C7                               ;
; Timing Models                      ; Final                                       ;
; Total logic elements               ; 6,273 / 114,480 ( 5 % )                     ;
;     Total combinational functions  ; 5,237 / 114,480 ( 5 % )                     ;
;     Dedicated logic registers      ; 4,158 / 114,480 ( 4 % )                     ;
; Total registers                    ; 4277                                        ;
; Total pins                         ; 518 / 529 ( 98 % )                          ;
; Total virtual pins                 ; 0                                           ;
; Total memory bits                  ; 72,288 / 3,981,312 ( 2 % )                  ;
; Embedded Multiplier 9-bit elements ; 8 / 532 ( 2 % )                             ;
; Total PLLs                         ; 2 / 4 ( 50 % )                              ;
+------------------------------------+---------------------------------------------+


+-------------------------------------------------+
; Flow Settings                                   ;
+-------------------+-----------------------------+
; Option            ; Setting                     ;
+-------------------+-----------------------------+
; Start date & time ; 04/15/2018 23:10:25         ;
; Main task         ; Compilation                 ;
; Revision Name     ; DE2_115_NIOS_HOST_MOUSE_VGA ;
+-------------------+-----------------------------+


+---------------------------------------------------------------------------------------------------------------------------------------------------------------------------------------------+
; Flow Non-Default Global Settings                                                                                                                                                            ;
+-------------------------------------+---------------------------------------------------------------------------------------------+-----------------------------+--------------+------------+
; Assignment Name                     ; Value                                                                                       ; Default Value               ; Entity Name  ; Section Id ;
+-------------------------------------+---------------------------------------------------------------------------------------------+-----------------------------+--------------+------------+
; COMPILER_SIGNATURE_ID               ; 123745753123770.152385182420972                                                             ; --                          ; --           ; --         ;
; MAX_CORE_JUNCTION_TEMP              ; 85                                                                                          ; --                          ; --           ; --         ;
; MIN_CORE_JUNCTION_TEMP              ; 0                                                                                           ; --                          ; --           ; --         ;
; MISC_FILE                           ; D:/svn/DE2_115_GOLDEN_TOP/DE2_115_GOLDEN_TOP.dpf                                            ; --                          ; --           ; --         ;
; MISC_FILE                           ; D:/Document/de2c4/DE2_115_GOLDEN_TOP/DE2_115_GOLDEN_TOP.dpf                                 ; --                          ; --           ; --         ;
; MISC_FILE                           ; D:/Projects/DE2C4/trunk/test/DE2_115_GOLDEN_TOP/DE2_115_GOLDEN_TOP.dpf                      ; --                          ; --           ; --         ;
; MISC_FILE                           ; D:/Document/de2c4/de2_115_golden_top/DE2_115_GOLDEN_TOP.dpf                                 ; --                          ; --           ; --         ;
; MISC_FILE                           ; E:/SVN/DE2_115/trunk/test/de2_115_golden_top/DE2_115_GOLDEN_TOP.dpf                         ; --                          ; --           ; --         ;
; MISC_FILE                           ; D:/Home/User/Desktop/top_tool/top_tool/old/DE2_115_GOLDEN_TOP.dpf                           ; --                          ; --           ; --         ;
; MISC_FILE                           ; D:/SVN/DE2_115_CYPRESS/DEV/peli/DE2_115_NIOS_HOST_MOUSE_VGA/DE2_115_NIOS_HOST_MOUSE_VGA.dpf ; --                          ; --           ; --         ;
; MISC_FILE                           ; DE2_115_SOPC/synthesis/../DE2_115_SOPC.cmp                                                  ; --                          ; --           ; --         ;
; MISC_FILE                           ; DE2_115_SOPC/synthesis/../../DE2_115_SOPC.qsys                                              ; --                          ; --           ; --         ;
; NUM_PARALLEL_PROCESSORS             ; 8                                                                                           ; --                          ; --           ; --         ;
; PARTITION_COLOR                     ; 16764057                                                                                    ; --                          ; final_top    ; Top        ;
; PARTITION_FITTER_PRESERVATION_LEVEL ; PLACEMENT_AND_ROUTING                                                                       ; --                          ; final_top    ; Top        ;
; PARTITION_NETLIST_TYPE              ; SOURCE                                                                                      ; --                          ; final_top    ; Top        ;
; POWER_BOARD_THERMAL_MODEL           ; None (CONSERVATIVE)                                                                         ; --                          ; --           ; --         ;
; POWER_PRESET_COOLING_SOLUTION       ; 23 MM HEAT SINK WITH 200 LFPM AIRFLOW                                                       ; --                          ; --           ; --         ;
; SLD_FILE                            ; DE2_115_SOPC/synthesis/DE2_115_SOPC.regmap                                                  ; --                          ; --           ; --         ;
; SLD_FILE                            ; DE2_115_SOPC/synthesis/DE2_115_SOPC.debuginfo                                               ; --                          ; --           ; --         ;
; SLD_INFO                            ; QSYS_NAME DE2_115_SOPC HAS_SOPCINFO 1 GENERATION_ID 1523851750                              ; --                          ; DE2_115_SOPC ; --         ;
; SMART_RECOMPILE                     ; On                                                                                          ; Off                         ; --           ; --         ;
; SOPCINFO_FILE                       ; DE2_115_SOPC/synthesis/../../DE2_115_SOPC.sopcinfo                                          ; --                          ; --           ; --         ;
; SYNTHESIS_ONLY_QIP                  ; On                                                                                          ; --                          ; --           ; --         ;
; TOP_LEVEL_ENTITY                    ; final_top                                                                                   ; DE2_115_NIOS_HOST_MOUSE_VGA ; --           ; --         ;
+-------------------------------------+---------------------------------------------------------------------------------------------+-----------------------------+--------------+------------+


+-------------------------------------------------------------------------------------------------------------------------------+
; Flow Elapsed Time                                                                                                             ;
+---------------------------+--------------+-------------------------+---------------------+------------------------------------+
; Module Name               ; Elapsed Time ; Average Processors Used ; Peak Virtual Memory ; Total CPU Time (on all processors) ;
+---------------------------+--------------+-------------------------+---------------------+------------------------------------+
; Analysis & Synthesis      ; 00:00:40     ; 1.0                     ; 1042 MB             ; 00:01:04                           ;
; Fitter                    ; 00:00:45     ; 1.9                     ; 2270 MB             ; 00:01:24                           ;
; Assembler                 ; 00:00:04     ; 1.0                     ; 721 MB              ; 00:00:04                           ;
; TimeQuest Timing Analyzer ; 00:00:08     ; 1.1                     ; 1022 MB             ; 00:00:08                           ;
; Total                     ; 00:01:37     ; --                      ; --                  ; 00:02:40                           ;
+---------------------------+--------------+-------------------------+---------------------+------------------------------------+


+----------------------------------------------------------------------------------------+
; Flow OS Summary                                                                        ;
+---------------------------+------------------+-----------+------------+----------------+
; Module Name               ; Machine Hostname ; OS Name   ; OS Version ; Processor type ;
+---------------------------+------------------+-----------+------------+----------------+
; Analysis & Synthesis      ; NepyonDesktop    ; Windows 7 ; 6.2        ; x86_64         ;
; Fitter                    ; NepyonDesktop    ; Windows 7 ; 6.2        ; x86_64         ;
; Assembler                 ; NepyonDesktop    ; Windows 7 ; 6.2        ; x86_64         ;
; TimeQuest Timing Analyzer ; NepyonDesktop    ; Windows 7 ; 6.2        ; x86_64         ;
+---------------------------+------------------+-----------+------------+----------------+


------------
; Flow Log ;
------------
quartus_map --read_settings_files=on --write_settings_files=off DE2_115_NIOS_HOST_MOUSE_VGA -c DE2_115_NIOS_HOST_MOUSE_VGA
quartus_fit --read_settings_files=off --write_settings_files=off DE2_115_NIOS_HOST_MOUSE_VGA -c DE2_115_NIOS_HOST_MOUSE_VGA
quartus_asm --read_settings_files=off --write_settings_files=off DE2_115_NIOS_HOST_MOUSE_VGA -c DE2_115_NIOS_HOST_MOUSE_VGA
quartus_sta DE2_115_NIOS_HOST_MOUSE_VGA -c DE2_115_NIOS_HOST_MOUSE_VGA



