Info: Starting: Create block symbol file (.bsf)
Info: qsys-generate C:\Users\AlC\Desktop\DE2_115_NIOS_HOST_MOUSE_VGA\DE2_115_SOPC.qsys --block-symbol-file --output-directory=C:\Users\AlC\Desktop\DE2_115_NIOS_HOST_MOUSE_VGA\DE2_115_SOPC --family="Cyclone IV E" --part=EP4CE115F29C7
Progress: Loading DE2_115_NIOS_HOST_MOUSE_VGA/DE2_115_SOPC.qsys
Progress: Reading input file
Progress: Adding CY7C67200_IF_0 [CY7C67200_IF 1.0]
Progress: Parameterizing module CY7C67200_IF_0
Progress: Adding c0 [altera_clock_bridge 15.0]
Progress: Parameterizing module c0
Progress: Adding c2 [altera_clock_bridge 15.0]
Progress: Parameterizing module c2
Progress: Adding clk_50 [clock_source 15.0]
Progress: Parameterizing module clk_50
Progress: Adding clock_crossing_io [altera_avalon_mm_clock_crossing_bridge 15.0]
Progress: Parameterizing module clock_crossing_io
Progress: Adding cpu [altera_nios2_qsys 15.0]
Progress: Parameterizing module cpu
Progress: Adding jtag_uart [altera_avalon_jtag_uart 15.0]
Progress: Parameterizing module jtag_uart
Progress: Adding key [altera_avalon_pio 15.0]
Progress: Parameterizing module key
Progress: Adding mouse_core_remake_0 [mouse_core_remake 1.0]
Progress: Parameterizing module mouse_core_remake_0
Progress: Adding mouse_x [altera_avalon_pio 15.0]
Progress: Parameterizing module mouse_x
Progress: Adding mouse_y [altera_avalon_pio 15.0]
Progress: Parameterizing module mouse_y
Progress: Adding pll [altpll 15.0]
Progress: Parameterizing module pll
Progress: Adding sdram [altera_avalon_new_sdram_controller 15.0]
Progress: Parameterizing module sdram
Progress: Adding sma_in [altera_avalon_pio 15.0]
Progress: Parameterizing module sma_in
Progress: Adding sma_out [altera_avalon_pio 15.0]
Progress: Parameterizing module sma_out
Progress: Adding sram [TERASIC_SRAM 1.0]
Progress: Parameterizing module sram
Progress: Adding sw [altera_avalon_pio 15.0]
Progress: Parameterizing module sw
Progress: Adding sysid [altera_avalon_sysid_qsys 15.0]
Progress: Parameterizing module sysid
Progress: Adding timer [altera_avalon_timer 15.0]
Progress: Parameterizing module timer
Progress: Adding timer_stamp [altera_avalon_timer 15.0]
Progress: Parameterizing module timer_stamp
Progress: Building connections
Progress: Parameterizing connections
Progress: Validating
Progress: Done reading input file
Warning: DE2_115_SOPC.CY7C67200_IF: TOP_LEVEL_HDL_MODULE automatically set to CY7C67200_IF
Warning: DE2_115_SOPC.cpu: Nios II Classic cores are now superseded by improved Gen 2 cores.
Info: DE2_115_SOPC.cpu: CPUID control register value is 0. Please manually assign CPUID if creating multiple Nios II system
Info: DE2_115_SOPC.sysid: System ID is not assigned automatically. Edit the System ID parameter to provide a unique ID
Info: DE2_115_SOPC.sysid: Time stamp will be automatically updated when this component is generated.
Info: ip-generate succeeded.
Info: Finished: Create block symbol file (.bsf)
Info: 
Info: Starting: Create HDL design files for synthesis
Info: qsys-generate C:\Users\AlC\Desktop\DE2_115_NIOS_HOST_MOUSE_VGA\DE2_115_SOPC.qsys --synthesis=VERILOG --output-directory=C:\Users\AlC\Desktop\DE2_115_NIOS_HOST_MOUSE_VGA\DE2_115_SOPC\synthesis --family="Cyclone IV E" --part=EP4CE115F29C7
Progress: Loading DE2_115_NIOS_HOST_MOUSE_VGA/DE2_115_SOPC.qsys
Progress: Reading input file
Progress: Adding CY7C67200_IF_0 [CY7C67200_IF 1.0]
Progress: Parameterizing module CY7C67200_IF_0
Progress: Adding c0 [altera_clock_bridge 15.0]
Progress: Parameterizing module c0
Progress: Adding c2 [altera_clock_bridge 15.0]
Progress: Parameterizing module c2
Progress: Adding clk_50 [clock_source 15.0]
Progress: Parameterizing module clk_50
Progress: Adding clock_crossing_io [altera_avalon_mm_clock_crossing_bridge 15.0]
Progress: Parameterizing module clock_crossing_io
Progress: Adding cpu [altera_nios2_qsys 15.0]
Progress: Parameterizing module cpu
Progress: Adding jtag_uart [altera_avalon_jtag_uart 15.0]
Progress: Parameterizing module jtag_uart
Progress: Adding key [altera_avalon_pio 15.0]
Progress: Parameterizing module key
Progress: Adding mouse_core_remake_0 [mouse_core_remake 1.0]
Progress: Parameterizing module mouse_core_remake_0
Progress: Adding mouse_x [altera_avalon_pio 15.0]
Progress: Parameterizing module mouse_x
Progress: Adding mouse_y [altera_avalon_pio 15.0]
Progress: Parameterizing module mouse_y
Progress: Adding pll [altpll 15.0]
Progress: Parameterizing module pll
Progress: Adding sdram [altera_avalon_new_sdram_controller 15.0]
Progress: Parameterizing module sdram
Progress: Adding sma_in [altera_avalon_pio 15.0]
Progress: Parameterizing module sma_in
Progress: Adding sma_out [altera_avalon_pio 15.0]
Progress: Parameterizing module sma_out
Progress: Adding sram [TERASIC_SRAM 1.0]
Progress: Parameterizing module sram
Progress: Adding sw [altera_avalon_pio 15.0]
Progress: Parameterizing module sw
Progress: Adding sysid [altera_avalon_sysid_qsys 15.0]
Progress: Parameterizing module sysid
Progress: Adding timer [altera_avalon_timer 15.0]
Progress: Parameterizing module timer
Progress: Adding timer_stamp [altera_avalon_timer 15.0]
Progress: Parameterizing module timer_stamp
Progress: Building connections
Progress: Parameterizing connections
Progress: Validating
Progress: Done reading input file
Warning: DE2_115_SOPC.CY7C67200_IF: TOP_LEVEL_HDL_MODULE automatically set to CY7C67200_IF
Warning: DE2_115_SOPC.cpu: Nios II Classic cores are now superseded by improved Gen 2 cores.
Info: DE2_115_SOPC.cpu: CPUID control register value is 0. Please manually assign CPUID if creating multiple Nios II system
Info: DE2_115_SOPC.sysid: System ID is not assigned automatically. Edit the System ID parameter to provide a unique ID
Info: DE2_115_SOPC.sysid: Time stamp will be automatically updated when this component is generated.
Info: DE2_115_SOPC: Generating DE2_115_SOPC "DE2_115_SOPC" for QUARTUS_SYNTH
Info: Inserting clock-crossing logic between cmd_demux.src0 and cmd_mux.sink0
Info: Inserting clock-crossing logic between cmd_demux.src4 and cmd_mux_004.sink0
Info: Inserting clock-crossing logic between cmd_demux.src8 and cmd_mux_008.sink0
Info: Inserting clock-crossing logic between rsp_demux.src0 and rsp_mux.sink0
Info: Inserting clock-crossing logic between rsp_demux_004.src0 and rsp_mux.sink4
Info: Inserting clock-crossing logic between rsp_demux_008.src0 and rsp_mux.sink8
Info: CY7C67200_IF_0: "DE2_115_SOPC" instantiated CY7C67200_IF "CY7C67200_IF_0"
Info: clock_crossing_io: "DE2_115_SOPC" instantiated altera_avalon_mm_clock_crossing_bridge "clock_crossing_io"
Info: cpu: Starting RTL generation for module 'DE2_115_SOPC_cpu'
Info: cpu:   Generation command is [exec C:/altera/15.0/quartus/bin64/eperlcmd.exe -I C:/altera/15.0/quartus/bin64/perl/lib -I C:/altera/15.0/quartus/sopc_builder/bin/europa -I C:/altera/15.0/quartus/sopc_builder/bin/perl_lib -I C:/altera/15.0/quartus/sopc_builder/bin -I C:/altera/15.0/quartus/../ip/altera/nios2_ip/altera_nios2/cpu_lib -I C:/altera/15.0/quartus/../ip/altera/nios2_ip/altera_nios2/nios_lib -I C:/altera/15.0/quartus/../ip/altera/nios2_ip/altera_nios2 -I C:/altera/15.0/quartus/../ip/altera/nios2_ip/altera_nios2 -- C:/altera/15.0/quartus/../ip/altera/nios2_ip/altera_nios2/generate_rtl.epl --name=DE2_115_SOPC_cpu --dir=C:/Users/AlC/AppData/Local/Temp/alt7637_1348664469709185298.dir/0185_cpu_gen/ --quartus_bindir=C:/altera/15.0/quartus/bin64 --verilog --config=C:/Users/AlC/AppData/Local/Temp/alt7637_1348664469709185298.dir/0185_cpu_gen//DE2_115_SOPC_cpu_processor_configuration.pl  --do_build_sim=0  ]
Info: cpu: # 2018.04.15 23:05:49 (*) Starting Nios II generation
Info: cpu: # 2018.04.15 23:05:49 (*)   Checking for plaintext license.
Info: cpu: # 2018.04.15 23:05:50 (*)   Plaintext license not found.
Info: cpu: # 2018.04.15 23:05:50 (*)   Checking for encrypted license (non-evaluation).
Info: cpu: # 2018.04.15 23:05:51 (*)   Encrypted license found.  SOF will not be time-limited.
Info: cpu: # 2018.04.15 23:05:51 (*)   Elaborating CPU configuration settings
Info: cpu: # 2018.04.15 23:05:51 (*)   Creating all objects for CPU
Info: cpu: # 2018.04.15 23:05:51 (*)     Testbench
Info: cpu: # 2018.04.15 23:05:51 (*)     Instruction decoding
Info: cpu: # 2018.04.15 23:05:51 (*)       Instruction fields
Info: cpu: # 2018.04.15 23:05:51 (*)       Instruction decodes
Info: cpu: # 2018.04.15 23:05:52 (*)       Signals for RTL simulation waveforms
Info: cpu: # 2018.04.15 23:05:52 (*)       Instruction controls
Info: cpu: # 2018.04.15 23:05:52 (*)     Pipeline frontend
Info: cpu: # 2018.04.15 23:05:52 (*)     Pipeline backend
Info: cpu: # 2018.04.15 23:05:53 (*)   Generating RTL from CPU objects
Info: cpu: # 2018.04.15 23:05:55 (*)   Creating encrypted RTL
Info: cpu: # 2018.04.15 23:05:56 (*) Done Nios II generation
Info: cpu: Done RTL generation for module 'DE2_115_SOPC_cpu'
Info: cpu: "DE2_115_SOPC" instantiated altera_nios2_qsys "cpu"
Info: jtag_uart: Starting RTL generation for module 'DE2_115_SOPC_jtag_uart'
Info: jtag_uart:   Generation command is [exec C:/altera/15.0/quartus/bin64/perl/bin/perl.exe -I C:/altera/15.0/quartus/bin64/perl/lib -I C:/altera/15.0/quartus/sopc_builder/bin/europa -I C:/altera/15.0/quartus/sopc_builder/bin/perl_lib -I C:/altera/15.0/quartus/sopc_builder/bin -I C:/altera/15.0/quartus/../ip/altera/sopc_builder_ip/common -I C:/altera/15.0/quartus/../ip/altera/sopc_builder_ip/altera_avalon_jtag_uart -- C:/altera/15.0/quartus/../ip/altera/sopc_builder_ip/altera_avalon_jtag_uart/generate_rtl.pl --name=DE2_115_SOPC_jtag_uart --dir=C:/Users/AlC/AppData/Local/Temp/alt7637_1348664469709185298.dir/0186_jtag_uart_gen/ --quartus_dir=C:/altera/15.0/quartus --verilog --config=C:/Users/AlC/AppData/Local/Temp/alt7637_1348664469709185298.dir/0186_jtag_uart_gen//DE2_115_SOPC_jtag_uart_component_configuration.pl  --do_build_sim=0  ]
Info: jtag_uart: Done RTL generation for module 'DE2_115_SOPC_jtag_uart'
Info: jtag_uart: "DE2_115_SOPC" instantiated altera_avalon_jtag_uart "jtag_uart"
Info: mouse_core_remake_0: "DE2_115_SOPC" instantiated mouse_core_remake "mouse_core_remake_0"
Info: pll: "DE2_115_SOPC" instantiated altpll "pll"
Info: sdram: Starting RTL generation for module 'DE2_115_SOPC_sdram'
Info: sdram:   Generation command is [exec C:/altera/15.0/quartus/bin64/perl/bin/perl.exe -I C:/altera/15.0/quartus/bin64/perl/lib -I C:/altera/15.0/quartus/sopc_builder/bin/europa -I C:/altera/15.0/quartus/sopc_builder/bin/perl_lib -I C:/altera/15.0/quartus/sopc_builder/bin -I C:/altera/15.0/quartus/../ip/altera/sopc_builder_ip/common -I C:/altera/15.0/quartus/../ip/altera/sopc_builder_ip/altera_avalon_new_sdram_controller -- C:/altera/15.0/quartus/../ip/altera/sopc_builder_ip/altera_avalon_new_sdram_controller/generate_rtl.pl --name=DE2_115_SOPC_sdram --dir=C:/Users/AlC/AppData/Local/Temp/alt7637_1348664469709185298.dir/0190_sdram_gen/ --quartus_dir=C:/altera/15.0/quartus --verilog --config=C:/Users/AlC/AppData/Local/Temp/alt7637_1348664469709185298.dir/0190_sdram_gen//DE2_115_SOPC_sdram_component_configuration.pl  --do_build_sim=0  ]
Info: sdram: Done RTL generation for module 'DE2_115_SOPC_sdram'
Info: sdram: "DE2_115_SOPC" instantiated altera_avalon_new_sdram_controller "sdram"
Info: sram: "DE2_115_SOPC" instantiated TERASIC_SRAM "sram"
Info: sysid: "DE2_115_SOPC" instantiated altera_avalon_sysid_qsys "sysid"
Info: timer: Starting RTL generation for module 'DE2_115_SOPC_timer'
Info: timer:   Generation command is [exec C:/altera/15.0/quartus/bin64//perl/bin/perl.exe -I C:/altera/15.0/quartus/bin64//perl/lib -I C:/altera/15.0/quartus/sopc_builder/bin/europa -I C:/altera/15.0/quartus/sopc_builder/bin/perl_lib -I C:/altera/15.0/quartus/sopc_builder/bin -I C:/altera/15.0/quartus/../ip/altera/sopc_builder_ip/common -I C:/altera/15.0/quartus/../ip/altera/sopc_builder_ip/altera_avalon_timer -- C:/altera/15.0/quartus/../ip/altera/sopc_builder_ip/altera_avalon_timer/generate_rtl.pl --name=DE2_115_SOPC_timer --dir=C:/Users/AlC/AppData/Local/Temp/alt7637_1348664469709185298.dir/0192_timer_gen/ --quartus_dir=C:/altera/15.0/quartus --verilog --config=C:/Users/AlC/AppData/Local/Temp/alt7637_1348664469709185298.dir/0192_timer_gen//DE2_115_SOPC_timer_component_configuration.pl  --do_build_sim=0  ]
Info: timer: Done RTL generation for module 'DE2_115_SOPC_timer'
Info: timer: "DE2_115_SOPC" instantiated altera_avalon_timer "timer"
Info: timer_stamp: Starting RTL generation for module 'DE2_115_SOPC_timer_stamp'
Info: timer_stamp:   Generation command is [exec C:/altera/15.0/quartus/bin64//perl/bin/perl.exe -I C:/altera/15.0/quartus/bin64//perl/lib -I C:/altera/15.0/quartus/sopc_builder/bin/europa -I C:/altera/15.0/quartus/sopc_builder/bin/perl_lib -I C:/altera/15.0/quartus/sopc_builder/bin -I C:/altera/15.0/quartus/../ip/altera/sopc_builder_ip/common -I C:/altera/15.0/quartus/../ip/altera/sopc_builder_ip/altera_avalon_timer -- C:/altera/15.0/quartus/../ip/altera/sopc_builder_ip/altera_avalon_timer/generate_rtl.pl --name=DE2_115_SOPC_timer_stamp --dir=C:/Users/AlC/AppData/Local/Temp/alt7637_1348664469709185298.dir/0193_timer_stamp_gen/ --quartus_dir=C:/altera/15.0/quartus --verilog --config=C:/Users/AlC/AppData/Local/Temp/alt7637_1348664469709185298.dir/0193_timer_stamp_gen//DE2_115_SOPC_timer_stamp_component_configuration.pl  --do_build_sim=0  ]
Info: timer_stamp: Done RTL generation for module 'DE2_115_SOPC_timer_stamp'
Info: timer_stamp: "DE2_115_SOPC" instantiated altera_avalon_timer "timer_stamp"
Info: avalon_st_adapter: Inserting error_adapter: error_adapter_0
Info: avalon_st_adapter_001: Inserting error_adapter: error_adapter_0
Info: avalon_st_adapter_002: Inserting error_adapter: error_adapter_0
Info: avalon_st_adapter_003: Inserting error_adapter: error_adapter_0
Info: avalon_st_adapter_004: Inserting error_adapter: error_adapter_0
Info: avalon_st_adapter_005: Inserting error_adapter: error_adapter_0
Info: avalon_st_adapter_006: Inserting error_adapter: error_adapter_0
Info: avalon_st_adapter_007: Inserting error_adapter: error_adapter_0
Info: avalon_st_adapter_008: Inserting error_adapter: error_adapter_0
Info: mm_interconnect_0: "DE2_115_SOPC" instantiated altera_mm_interconnect "mm_interconnect_0"
Info: avalon_st_adapter: Inserting error_adapter: error_adapter_0
Info: avalon_st_adapter_001: Inserting error_adapter: error_adapter_0
Info: mm_interconnect_1: "DE2_115_SOPC" instantiated altera_mm_interconnect "mm_interconnect_1"
Info: irq_mapper: "DE2_115_SOPC" instantiated altera_irq_mapper "irq_mapper"
Info: irq_synchronizer: "DE2_115_SOPC" instantiated altera_irq_clock_crosser "irq_synchronizer"
Info: rst_controller: "DE2_115_SOPC" instantiated altera_reset_controller "rst_controller"
Info: cpu_data_master_translator: "mm_interconnect_0" instantiated altera_merlin_master_translator "cpu_data_master_translator"
Info: mouse_core_remake_0_MOUSE_SLAVE_translator: "mm_interconnect_0" instantiated altera_merlin_slave_translator "mouse_core_remake_0_MOUSE_SLAVE_translator"
Info: cpu_data_master_agent: "mm_interconnect_0" instantiated altera_merlin_master_agent "cpu_data_master_agent"
Info: mouse_core_remake_0_MOUSE_SLAVE_agent: "mm_interconnect_0" instantiated altera_merlin_slave_agent "mouse_core_remake_0_MOUSE_SLAVE_agent"
Info: mouse_core_remake_0_MOUSE_SLAVE_agent_rsp_fifo: "mm_interconnect_0" instantiated altera_avalon_sc_fifo "mouse_core_remake_0_MOUSE_SLAVE_agent_rsp_fifo"
Info: router: "mm_interconnect_0" instantiated altera_merlin_router "router"
Info: router_001: "mm_interconnect_0" instantiated altera_merlin_router "router_001"
Info: router_002: "mm_interconnect_0" instantiated altera_merlin_router "router_002"
Info: router_004: "mm_interconnect_0" instantiated altera_merlin_router "router_004"
Info: router_005: "mm_interconnect_0" instantiated altera_merlin_router "router_005"
Info: cpu_data_master_limiter: "mm_interconnect_0" instantiated altera_merlin_traffic_limiter "cpu_data_master_limiter"
Info: Reusing file C:/Users/AlC/Desktop/DE2_115_NIOS_HOST_MOUSE_VGA/DE2_115_SOPC/synthesis/submodules/altera_avalon_sc_fifo.v
Info: sram_avalon_slave_burst_adapter: "mm_interconnect_0" instantiated altera_merlin_burst_adapter "sram_avalon_slave_burst_adapter"
Info: Reusing file C:/Users/AlC/Desktop/DE2_115_NIOS_HOST_MOUSE_VGA/DE2_115_SOPC/synthesis/submodules/altera_avalon_st_pipeline_base.v
Info: cmd_demux: "mm_interconnect_0" instantiated altera_merlin_demultiplexer "cmd_demux"
Info: cmd_demux_001: "mm_interconnect_0" instantiated altera_merlin_demultiplexer "cmd_demux_001"
Info: cmd_mux: "mm_interconnect_0" instantiated altera_merlin_multiplexer "cmd_mux"
Info: cmd_mux_002: "mm_interconnect_0" instantiated altera_merlin_multiplexer "cmd_mux_002"
Info: Reusing file C:/Users/AlC/Desktop/DE2_115_NIOS_HOST_MOUSE_VGA/DE2_115_SOPC/synthesis/submodules/altera_merlin_arbitrator.sv
Info: rsp_demux: "mm_interconnect_0" instantiated altera_merlin_demultiplexer "rsp_demux"
Info: rsp_demux_001: "mm_interconnect_0" instantiated altera_merlin_demultiplexer "rsp_demux_001"
Info: rsp_demux_002: "mm_interconnect_0" instantiated altera_merlin_demultiplexer "rsp_demux_002"
Info: rsp_demux_008: "mm_interconnect_0" instantiated altera_merlin_demultiplexer "rsp_demux_008"
Info: rsp_mux: "mm_interconnect_0" instantiated altera_merlin_multiplexer "rsp_mux"
Info: Reusing file C:/Users/AlC/Desktop/DE2_115_NIOS_HOST_MOUSE_VGA/DE2_115_SOPC/synthesis/submodules/altera_merlin_arbitrator.sv
Info: rsp_mux_001: "mm_interconnect_0" instantiated altera_merlin_multiplexer "rsp_mux_001"
Info: Reusing file C:/Users/AlC/Desktop/DE2_115_NIOS_HOST_MOUSE_VGA/DE2_115_SOPC/synthesis/submodules/altera_merlin_arbitrator.sv
Info: sram_avalon_slave_rsp_width_adapter: "mm_interconnect_0" instantiated altera_merlin_width_adapter "sram_avalon_slave_rsp_width_adapter"
Info: Reusing file C:/Users/AlC/Desktop/DE2_115_NIOS_HOST_MOUSE_VGA/DE2_115_SOPC/synthesis/submodules/altera_merlin_address_alignment.sv
Info: Reusing file C:/Users/AlC/Desktop/DE2_115_NIOS_HOST_MOUSE_VGA/DE2_115_SOPC/synthesis/submodules/altera_merlin_burst_uncompressor.sv
Info: crosser: "mm_interconnect_0" instantiated altera_avalon_st_handshake_clock_crosser "crosser"
Info: Reusing file C:/Users/AlC/Desktop/DE2_115_NIOS_HOST_MOUSE_VGA/DE2_115_SOPC/synthesis/submodules/altera_avalon_st_pipeline_base.v
Info: avalon_st_adapter: "mm_interconnect_0" instantiated altera_avalon_st_adapter "avalon_st_adapter"
Info: avalon_st_adapter_002: "mm_interconnect_0" instantiated altera_avalon_st_adapter "avalon_st_adapter_002"
Info: router: "mm_interconnect_1" instantiated altera_merlin_router "router"
Info: router_001: "mm_interconnect_1" instantiated altera_merlin_router "router_001"
Info: cmd_demux: "mm_interconnect_1" instantiated altera_merlin_demultiplexer "cmd_demux"
Info: cmd_mux: "mm_interconnect_1" instantiated altera_merlin_multiplexer "cmd_mux"
Info: Reusing file C:/Users/AlC/Desktop/DE2_115_NIOS_HOST_MOUSE_VGA/DE2_115_SOPC/synthesis/submodules/altera_merlin_arbitrator.sv
Info: rsp_demux: "mm_interconnect_1" instantiated altera_merlin_demultiplexer "rsp_demux"
Info: rsp_mux: "mm_interconnect_1" instantiated altera_merlin_multiplexer "rsp_mux"
Info: Reusing file C:/Users/AlC/Desktop/DE2_115_NIOS_HOST_MOUSE_VGA/DE2_115_SOPC/synthesis/submodules/altera_merlin_arbitrator.sv
Info: error_adapter_0: "avalon_st_adapter" instantiated error_adapter "error_adapter_0"
Info: error_adapter_0: "avalon_st_adapter_002" instantiated error_adapter "error_adapter_0"
Info: DE2_115_SOPC: Done "DE2_115_SOPC" with 51 modules, 85 files
Info: ip-generate succeeded.
Info: Finished: Create HDL design files for synthesis
