Info: Starting: Create block symbol file (.bsf)
Info: qsys-generate C:\Users\AlC\Desktop\DE2_115_NIOS_HOST_MOUSE_VGA\DE2_115_SOPC.qsys --block-symbol-file --output-directory=C:\Users\AlC\Desktop\DE2_115_NIOS_HOST_MOUSE_VGA\DE2_115_SOPC --family="Cyclone IV E" --part=EP4CE115F29C7
Progress: Loading DE2_115_NIOS_HOST_MOUSE_VGA/DE2_115_SOPC.qsys
Progress: Reading input file
Progress: Adding CY7C67200_IF_0 [CY7C67200_IF 1.0]
Progress: Parameterizing module CY7C67200_IF_0
Progress: Adding c0 [altera_clock_bridge 15.0]
Progress: Parameterizing module c0
Progress: Adding c2 [altera_clock_bridge 15.0]
Progress: Parameterizing module c2
Progress: Adding clk_50 [clock_source 15.0]
Progress: Parameterizing module clk_50
Progress: Adding clock_crossing_io [altera_avalon_mm_clock_crossing_bridge 15.0]
Progress: Parameterizing module clock_crossing_io
Progress: Adding cpu [altera_nios2_qsys 15.0]
Progress: Parameterizing module cpu
Progress: Adding jtag_uart [altera_avalon_jtag_uart 15.0]
Progress: Parameterizing module jtag_uart
Progress: Adding key [altera_avalon_pio 15.0]
Progress: Parameterizing module key
Progress: Adding mouse_x [altera_avalon_pio 15.0]
Progress: Parameterizing module mouse_x
Progress: Adding mouse_y [altera_avalon_pio 15.0]
Progress: Parameterizing module mouse_y
Progress: Adding pll [altpll 15.0]
Progress: Parameterizing module pll
Progress: Adding sdram [altera_avalon_new_sdram_controller 15.0]
Progress: Parameterizing module sdram
Progress: Adding sma_in [altera_avalon_pio 15.0]
Progress: Parameterizing module sma_in
Progress: Adding sma_out [altera_avalon_pio 15.0]
Progress: Parameterizing module sma_out
Progress: Adding sram [TERASIC_SRAM 1.0]
Progress: Parameterizing module sram
Progress: Adding sw [altera_avalon_pio 15.0]
Progress: Parameterizing module sw
Progress: Adding sysid [altera_avalon_sysid_qsys 15.0]
Progress: Parameterizing module sysid
Progress: Adding timer [altera_avalon_timer 15.0]
Progress: Parameterizing module timer
Progress: Adding timer_stamp [altera_avalon_timer 15.0]
Progress: Parameterizing module timer_stamp
Progress: Building connections
Progress: Parameterizing connections
Progress: Validating
Progress: Done reading input file
Warning: DE2_115_SOPC.CY7C67200_IF: TOP_LEVEL_HDL_MODULE automatically set to CY7C67200_IF
Warning: DE2_115_SOPC.cpu: Nios II Classic cores are now superseded by improved Gen 2 cores.
Info: DE2_115_SOPC.cpu: CPUID control register value is 0. Please manually assign CPUID if creating multiple Nios II system
Info: DE2_115_SOPC.key: PIO inputs are not hardwired in test bench. Undefined values will be read from PIO inputs during simulation.
Info: DE2_115_SOPC.sma_in: PIO inputs are not hardwired in test bench. Undefined values will be read from PIO inputs during simulation.
Info: DE2_115_SOPC.sw: PIO inputs are not hardwired in test bench. Undefined values will be read from PIO inputs during simulation.
Info: DE2_115_SOPC.sysid: System ID is not assigned automatically. Edit the System ID parameter to provide a unique ID
Info: DE2_115_SOPC.sysid: Time stamp will be automatically updated when this component is generated.
Info: ip-generate succeeded.
Info: Finished: Create block symbol file (.bsf)
Info: 
Info: Starting: Create HDL design files for synthesis
Info: qsys-generate C:\Users\AlC\Desktop\DE2_115_NIOS_HOST_MOUSE_VGA\DE2_115_SOPC.qsys --synthesis=VERILOG --output-directory=C:\Users\AlC\Desktop\DE2_115_NIOS_HOST_MOUSE_VGA\DE2_115_SOPC\synthesis --family="Cyclone IV E" --part=EP4CE115F29C7
Progress: Loading DE2_115_NIOS_HOST_MOUSE_VGA/DE2_115_SOPC.qsys
Progress: Reading input file
Progress: Adding CY7C67200_IF_0 [CY7C67200_IF 1.0]
Progress: Parameterizing module CY7C67200_IF_0
Progress: Adding c0 [altera_clock_bridge 15.0]
Progress: Parameterizing module c0
Progress: Adding c2 [altera_clock_bridge 15.0]
Progress: Parameterizing module c2
Progress: Adding clk_50 [clock_source 15.0]
Progress: Parameterizing module clk_50
Progress: Adding clock_crossing_io [altera_avalon_mm_clock_crossing_bridge 15.0]
Progress: Parameterizing module clock_crossing_io
Progress: Adding cpu [altera_nios2_qsys 15.0]
Progress: Parameterizing module cpu
Progress: Adding jtag_uart [altera_avalon_jtag_uart 15.0]
Progress: Parameterizing module jtag_uart
Progress: Adding key [altera_avalon_pio 15.0]
Progress: Parameterizing module key
Progress: Adding mouse_x [altera_avalon_pio 15.0]
Progress: Parameterizing module mouse_x
Progress: Adding mouse_y [altera_avalon_pio 15.0]
Progress: Parameterizing module mouse_y
Progress: Adding pll [altpll 15.0]
Progress: Parameterizing module pll
Progress: Adding sdram [altera_avalon_new_sdram_controller 15.0]
Progress: Parameterizing module sdram
Progress: Adding sma_in [altera_avalon_pio 15.0]
Progress: Parameterizing module sma_in
Progress: Adding sma_out [altera_avalon_pio 15.0]
Progress: Parameterizing module sma_out
Progress: Adding sram [TERASIC_SRAM 1.0]
Progress: Parameterizing module sram
Progress: Adding sw [altera_avalon_pio 15.0]
Progress: Parameterizing module sw
Progress: Adding sysid [altera_avalon_sysid_qsys 15.0]
Progress: Parameterizing module sysid
Progress: Adding timer [altera_avalon_timer 15.0]
Progress: Parameterizing module timer
Progress: Adding timer_stamp [altera_avalon_timer 15.0]
Progress: Parameterizing module timer_stamp
Progress: Building connections
Progress: Parameterizing connections
Progress: Validating
Progress: Done reading input file
Warning: DE2_115_SOPC.CY7C67200_IF: TOP_LEVEL_HDL_MODULE automatically set to CY7C67200_IF
Warning: DE2_115_SOPC.cpu: Nios II Classic cores are now superseded by improved Gen 2 cores.
Info: DE2_115_SOPC.cpu: CPUID control register value is 0. Please manually assign CPUID if creating multiple Nios II system
Info: DE2_115_SOPC.key: PIO inputs are not hardwired in test bench. Undefined values will be read from PIO inputs during simulation.
Info: DE2_115_SOPC.sma_in: PIO inputs are not hardwired in test bench. Undefined values will be read from PIO inputs during simulation.
Info: DE2_115_SOPC.sw: PIO inputs are not hardwired in test bench. Undefined values will be read from PIO inputs during simulation.
Info: DE2_115_SOPC.sysid: System ID is not assigned automatically. Edit the System ID parameter to provide a unique ID
Info: DE2_115_SOPC.sysid: Time stamp will be automatically updated when this component is generated.
Info: DE2_115_SOPC: Generating DE2_115_SOPC "DE2_115_SOPC" for QUARTUS_SYNTH
Info: Inserting clock-crossing logic between cmd_demux.src3 and cmd_mux_003.sink0
Info: Inserting clock-crossing logic between cmd_demux.src9 and cmd_mux_009.sink0
Info: Inserting clock-crossing logic between cmd_demux.src10 and cmd_mux_010.sink0
Info: Inserting clock-crossing logic between cmd_demux.src11 and cmd_mux_011.sink0
Info: Inserting clock-crossing logic between rsp_demux_003.src0 and rsp_mux.sink3
Info: Inserting clock-crossing logic between rsp_demux_009.src0 and rsp_mux.sink9
Info: Inserting clock-crossing logic between rsp_demux_010.src0 and rsp_mux.sink10
Info: Inserting clock-crossing logic between rsp_demux_011.src0 and rsp_mux.sink11
Info: CY7C67200_IF_0: "DE2_115_SOPC" instantiated CY7C67200_IF "CY7C67200_IF_0"
Info: clock_crossing_io: "DE2_115_SOPC" instantiated altera_avalon_mm_clock_crossing_bridge "clock_crossing_io"
Info: cpu: Starting RTL generation for module 'DE2_115_SOPC_cpu'
Info: cpu:   Generation command is [exec C:/altera/15.0/quartus/bin64/eperlcmd.exe -I C:/altera/15.0/quartus/bin64/perl/lib -I C:/altera/15.0/quartus/sopc_builder/bin/europa -I C:/altera/15.0/quartus/sopc_builder/bin/perl_lib -I C:/altera/15.0/quartus/sopc_builder/bin -I C:/altera/15.0/quartus/../ip/altera/nios2_ip/altera_nios2/cpu_lib -I C:/altera/15.0/quartus/../ip/altera/nios2_ip/altera_nios2/nios_lib -I C:/altera/15.0/quartus/../ip/altera/nios2_ip/altera_nios2 -I C:/altera/15.0/quartus/../ip/altera/nios2_ip/altera_nios2 -- C:/altera/15.0/quartus/../ip/altera/nios2_ip/altera_nios2/generate_rtl.epl --name=DE2_115_SOPC_cpu --dir=C:/Users/AlC/AppData/Local/Temp/alt7637_5582167291074205932.dir/0097_cpu_gen/ --quartus_bindir=C:/altera/15.0/quartus/bin64 --verilog --config=C:/Users/AlC/AppData/Local/Temp/alt7637_5582167291074205932.dir/0097_cpu_gen//DE2_115_SOPC_cpu_processor_configuration.pl  --do_build_sim=0  ]
Info: cpu: # 2018.04.15 20:28:43 (*) Starting Nios II generation
Info: cpu: # 2018.04.15 20:28:43 (*)   Checking for plaintext license.
Info: cpu: # 2018.04.15 20:28:44 (*)   Plaintext license not found.
Info: cpu: # 2018.04.15 20:28:44 (*)   Checking for encrypted license (non-evaluation).
Info: cpu: # 2018.04.15 20:28:45 (*)   Encrypted license found.  SOF will not be time-limited.
Info: cpu: # 2018.04.15 20:28:45 (*)   Elaborating CPU configuration settings
Info: cpu: # 2018.04.15 20:28:45 (*)   Creating all objects for CPU
Info: cpu: # 2018.04.15 20:28:45 (*)     Testbench
Info: cpu: # 2018.04.15 20:28:45 (*)     Instruction decoding
Info: cpu: # 2018.04.15 20:28:45 (*)       Instruction fields
Info: cpu: # 2018.04.15 20:28:45 (*)       Instruction decodes
Info: cpu: # 2018.04.15 20:28:46 (*)       Signals for RTL simulation waveforms
Info: cpu: # 2018.04.15 20:28:46 (*)       Instruction controls
Info: cpu: # 2018.04.15 20:28:46 (*)     Pipeline frontend
Info: cpu: # 2018.04.15 20:28:46 (*)     Pipeline backend
Info: cpu: # 2018.04.15 20:28:47 (*)   Generating RTL from CPU objects
Info: cpu: # 2018.04.15 20:28:49 (*)   Creating encrypted RTL
Info: cpu: # 2018.04.15 20:28:49 (*) Done Nios II generation
Info: cpu: Done RTL generation for module 'DE2_115_SOPC_cpu'
Info: cpu: "DE2_115_SOPC" instantiated altera_nios2_qsys "cpu"
Info: jtag_uart: Starting RTL generation for module 'DE2_115_SOPC_jtag_uart'
Info: jtag_uart:   Generation command is [exec C:/altera/15.0/quartus/bin64/perl/bin/perl.exe -I C:/altera/15.0/quartus/bin64/perl/lib -I C:/altera/15.0/quartus/sopc_builder/bin/europa -I C:/altera/15.0/quartus/sopc_builder/bin/perl_lib -I C:/altera/15.0/quartus/sopc_builder/bin -I C:/altera/15.0/quartus/../ip/altera/sopc_builder_ip/common -I C:/altera/15.0/quartus/../ip/altera/sopc_builder_ip/altera_avalon_jtag_uart -- C:/altera/15.0/quartus/../ip/altera/sopc_builder_ip/altera_avalon_jtag_uart/generate_rtl.pl --name=DE2_115_SOPC_jtag_uart --dir=C:/Users/AlC/AppData/Local/Temp/alt7637_5582167291074205932.dir/0098_jtag_uart_gen/ --quartus_dir=C:/altera/15.0/quartus --verilog --config=C:/Users/AlC/AppData/Local/Temp/alt7637_5582167291074205932.dir/0098_jtag_uart_gen//DE2_115_SOPC_jtag_uart_component_configuration.pl  --do_build_sim=0  ]
Info: jtag_uart: Done RTL generation for module 'DE2_115_SOPC_jtag_uart'
Info: jtag_uart: "DE2_115_SOPC" instantiated altera_avalon_jtag_uart "jtag_uart"
Info: key: Starting RTL generation for module 'DE2_115_SOPC_key'
Info: key:   Generation command is [exec C:/altera/15.0/quartus/bin64/perl/bin/perl.exe -I C:/altera/15.0/quartus/bin64/perl/lib -I C:/altera/15.0/quartus/sopc_builder/bin/europa -I C:/altera/15.0/quartus/sopc_builder/bin/perl_lib -I C:/altera/15.0/quartus/sopc_builder/bin -I C:/altera/15.0/quartus/../ip/altera/sopc_builder_ip/common -I C:/altera/15.0/quartus/../ip/altera/sopc_builder_ip/altera_avalon_pio -- C:/altera/15.0/quartus/../ip/altera/sopc_builder_ip/altera_avalon_pio/generate_rtl.pl --name=DE2_115_SOPC_key --dir=C:/Users/AlC/AppData/Local/Temp/alt7637_5582167291074205932.dir/0099_key_gen/ --quartus_dir=C:/altera/15.0/quartus --verilog --config=C:/Users/AlC/AppData/Local/Temp/alt7637_5582167291074205932.dir/0099_key_gen//DE2_115_SOPC_key_component_configuration.pl  --do_build_sim=0  ]
Info: key: Done RTL generation for module 'DE2_115_SOPC_key'
Info: key: "DE2_115_SOPC" instantiated altera_avalon_pio "key"
Info: mouse_x: Starting RTL generation for module 'DE2_115_SOPC_mouse_x'
Info: mouse_x:   Generation command is [exec C:/altera/15.0/quartus/bin64/perl/bin/perl.exe -I C:/altera/15.0/quartus/bin64/perl/lib -I C:/altera/15.0/quartus/sopc_builder/bin/europa -I C:/altera/15.0/quartus/sopc_builder/bin/perl_lib -I C:/altera/15.0/quartus/sopc_builder/bin -I C:/altera/15.0/quartus/../ip/altera/sopc_builder_ip/common -I C:/altera/15.0/quartus/../ip/altera/sopc_builder_ip/altera_avalon_pio -- C:/altera/15.0/quartus/../ip/altera/sopc_builder_ip/altera_avalon_pio/generate_rtl.pl --name=DE2_115_SOPC_mouse_x --dir=C:/Users/AlC/AppData/Local/Temp/alt7637_5582167291074205932.dir/0100_mouse_x_gen/ --quartus_dir=C:/altera/15.0/quartus --verilog --config=C:/Users/AlC/AppData/Local/Temp/alt7637_5582167291074205932.dir/0100_mouse_x_gen//DE2_115_SOPC_mouse_x_component_configuration.pl  --do_build_sim=0  ]
Info: mouse_x: Done RTL generation for module 'DE2_115_SOPC_mouse_x'
Info: mouse_x: "DE2_115_SOPC" instantiated altera_avalon_pio "mouse_x"
Info: pll: "DE2_115_SOPC" instantiated altpll "pll"
Info: sdram: Starting RTL generation for module 'DE2_115_SOPC_sdram'
Info: sdram:   Generation command is [exec C:/altera/15.0/quartus/bin64/perl/bin/perl.exe -I C:/altera/15.0/quartus/bin64/perl/lib -I C:/altera/15.0/quartus/sopc_builder/bin/europa -I C:/altera/15.0/quartus/sopc_builder/bin/perl_lib -I C:/altera/15.0/quartus/sopc_builder/bin -I C:/altera/15.0/quartus/../ip/altera/sopc_builder_ip/common -I C:/altera/15.0/quartus/../ip/altera/sopc_builder_ip/altera_avalon_new_sdram_controller -- C:/altera/15.0/quartus/../ip/altera/sopc_builder_ip/altera_avalon_new_sdram_controller/generate_rtl.pl --name=DE2_115_SOPC_sdram --dir=C:/Users/AlC/AppData/Local/Temp/alt7637_5582167291074205932.dir/0103_sdram_gen/ --quartus_dir=C:/altera/15.0/quartus --verilog --config=C:/Users/AlC/AppData/Local/Temp/alt7637_5582167291074205932.dir/0103_sdram_gen//DE2_115_SOPC_sdram_component_configuration.pl  --do_build_sim=0  ]
Info: sdram: Done RTL generation for module 'DE2_115_SOPC_sdram'
Info: sdram: "DE2_115_SOPC" instantiated altera_avalon_new_sdram_controller "sdram"
Info: sma_in: Starting RTL generation for module 'DE2_115_SOPC_sma_in'
Info: sma_in:   Generation command is [exec C:/altera/15.0/quartus/bin64/perl/bin/perl.exe -I C:/altera/15.0/quartus/bin64/perl/lib -I C:/altera/15.0/quartus/sopc_builder/bin/europa -I C:/altera/15.0/quartus/sopc_builder/bin/perl_lib -I C:/altera/15.0/quartus/sopc_builder/bin -I C:/altera/15.0/quartus/../ip/altera/sopc_builder_ip/common -I C:/altera/15.0/quartus/../ip/altera/sopc_builder_ip/altera_avalon_pio -- C:/altera/15.0/quartus/../ip/altera/sopc_builder_ip/altera_avalon_pio/generate_rtl.pl --name=DE2_115_SOPC_sma_in --dir=C:/Users/AlC/AppData/Local/Temp/alt7637_5582167291074205932.dir/0104_sma_in_gen/ --quartus_dir=C:/altera/15.0/quartus --verilog --config=C:/Users/AlC/AppData/Local/Temp/alt7637_5582167291074205932.dir/0104_sma_in_gen//DE2_115_SOPC_sma_in_component_configuration.pl  --do_build_sim=0  ]
Info: sma_in: Done RTL generation for module 'DE2_115_SOPC_sma_in'
Info: sma_in: "DE2_115_SOPC" instantiated altera_avalon_pio "sma_in"
Info: sma_out: Starting RTL generation for module 'DE2_115_SOPC_sma_out'
Info: sma_out:   Generation command is [exec C:/altera/15.0/quartus/bin64/perl/bin/perl.exe -I C:/altera/15.0/quartus/bin64/perl/lib -I C:/altera/15.0/quartus/sopc_builder/bin/europa -I C:/altera/15.0/quartus/sopc_builder/bin/perl_lib -I C:/altera/15.0/quartus/sopc_builder/bin -I C:/altera/15.0/quartus/../ip/altera/sopc_builder_ip/common -I C:/altera/15.0/quartus/../ip/altera/sopc_builder_ip/altera_avalon_pio -- C:/altera/15.0/quartus/../ip/altera/sopc_builder_ip/altera_avalon_pio/generate_rtl.pl --name=DE2_115_SOPC_sma_out --dir=C:/Users/AlC/AppData/Local/Temp/alt7637_5582167291074205932.dir/0105_sma_out_gen/ --quartus_dir=C:/altera/15.0/quartus --verilog --config=C:/Users/AlC/AppData/Local/Temp/alt7637_5582167291074205932.dir/0105_sma_out_gen//DE2_115_SOPC_sma_out_component_configuration.pl  --do_build_sim=0  ]
Info: sma_out: Done RTL generation for module 'DE2_115_SOPC_sma_out'
Info: sma_out: "DE2_115_SOPC" instantiated altera_avalon_pio "sma_out"
Info: sram: "DE2_115_SOPC" instantiated TERASIC_SRAM "sram"
Info: sw: Starting RTL generation for module 'DE2_115_SOPC_sw'
Info: sw:   Generation command is [exec C:/altera/15.0/quartus/bin64/perl/bin/perl.exe -I C:/altera/15.0/quartus/bin64/perl/lib -I C:/altera/15.0/quartus/sopc_builder/bin/europa -I C:/altera/15.0/quartus/sopc_builder/bin/perl_lib -I C:/altera/15.0/quartus/sopc_builder/bin -I C:/altera/15.0/quartus/../ip/altera/sopc_builder_ip/common -I C:/altera/15.0/quartus/../ip/altera/sopc_builder_ip/altera_avalon_pio -- C:/altera/15.0/quartus/../ip/altera/sopc_builder_ip/altera_avalon_pio/generate_rtl.pl --name=DE2_115_SOPC_sw --dir=C:/Users/AlC/AppData/Local/Temp/alt7637_5582167291074205932.dir/0106_sw_gen/ --quartus_dir=C:/altera/15.0/quartus --verilog --config=C:/Users/AlC/AppData/Local/Temp/alt7637_5582167291074205932.dir/0106_sw_gen//DE2_115_SOPC_sw_component_configuration.pl  --do_build_sim=0  ]
Info: sw: Done RTL generation for module 'DE2_115_SOPC_sw'
Info: sw: "DE2_115_SOPC" instantiated altera_avalon_pio "sw"
Info: sysid: "DE2_115_SOPC" instantiated altera_avalon_sysid_qsys "sysid"
Info: timer: Starting RTL generation for module 'DE2_115_SOPC_timer'
Info: timer:   Generation command is [exec C:/altera/15.0/quartus/bin64//perl/bin/perl.exe -I C:/altera/15.0/quartus/bin64//perl/lib -I C:/altera/15.0/quartus/sopc_builder/bin/europa -I C:/altera/15.0/quartus/sopc_builder/bin/perl_lib -I C:/altera/15.0/quartus/sopc_builder/bin -I C:/altera/15.0/quartus/../ip/altera/sopc_builder_ip/common -I C:/altera/15.0/quartus/../ip/altera/sopc_builder_ip/altera_avalon_timer -- C:/altera/15.0/quartus/../ip/altera/sopc_builder_ip/altera_avalon_timer/generate_rtl.pl --name=DE2_115_SOPC_timer --dir=C:/Users/AlC/AppData/Local/Temp/alt7637_5582167291074205932.dir/0108_timer_gen/ --quartus_dir=C:/altera/15.0/quartus --verilog --config=C:/Users/AlC/AppData/Local/Temp/alt7637_5582167291074205932.dir/0108_timer_gen//DE2_115_SOPC_timer_component_configuration.pl  --do_build_sim=0  ]
Info: timer: Done RTL generation for module 'DE2_115_SOPC_timer'
Info: timer: "DE2_115_SOPC" instantiated altera_avalon_timer "timer"
Info: timer_stamp: Starting RTL generation for module 'DE2_115_SOPC_timer_stamp'
Info: timer_stamp:   Generation command is [exec C:/altera/15.0/quartus/bin64//perl/bin/perl.exe -I C:/altera/15.0/quartus/bin64//perl/lib -I C:/altera/15.0/quartus/sopc_builder/bin/europa -I C:/altera/15.0/quartus/sopc_builder/bin/perl_lib -I C:/altera/15.0/quartus/sopc_builder/bin -I C:/altera/15.0/quartus/../ip/altera/sopc_builder_ip/common -I C:/altera/15.0/quartus/../ip/altera/sopc_builder_ip/altera_avalon_timer -- C:/altera/15.0/quartus/../ip/altera/sopc_builder_ip/altera_avalon_timer/generate_rtl.pl --name=DE2_115_SOPC_timer_stamp --dir=C:/Users/AlC/AppData/Local/Temp/alt7637_5582167291074205932.dir/0109_timer_stamp_gen/ --quartus_dir=C:/altera/15.0/quartus --verilog --config=C:/Users/AlC/AppData/Local/Temp/alt7637_5582167291074205932.dir/0109_timer_stamp_gen//DE2_115_SOPC_timer_stamp_component_configuration.pl  --do_build_sim=0  ]
Info: timer_stamp: Done RTL generation for module 'DE2_115_SOPC_timer_stamp'
Info: timer_stamp: "DE2_115_SOPC" instantiated altera_avalon_timer "timer_stamp"
Info: avalon_st_adapter: Inserting error_adapter: error_adapter_0
Info: avalon_st_adapter_001: Inserting error_adapter: error_adapter_0
Info: avalon_st_adapter_002: Inserting error_adapter: error_adapter_0
Info: avalon_st_adapter_003: Inserting error_adapter: error_adapter_0
Info: avalon_st_adapter_004: Inserting error_adapter: error_adapter_0
Info: avalon_st_adapter_005: Inserting error_adapter: error_adapter_0
Info: avalon_st_adapter_006: Inserting error_adapter: error_adapter_0
Info: avalon_st_adapter_007: Inserting error_adapter: error_adapter_0
Info: avalon_st_adapter_008: Inserting error_adapter: error_adapter_0
Info: avalon_st_adapter_009: Inserting error_adapter: error_adapter_0
Info: avalon_st_adapter_010: Inserting error_adapter: error_adapter_0
Info: avalon_st_adapter_011: Inserting error_adapter: error_adapter_0
Info: mm_interconnect_0: "DE2_115_SOPC" instantiated altera_mm_interconnect "mm_interconnect_0"
Info: avalon_st_adapter: Inserting error_adapter: error_adapter_0
Info: avalon_st_adapter_001: Inserting error_adapter: error_adapter_0
Info: avalon_st_adapter_002: Inserting error_adapter: error_adapter_0
Info: avalon_st_adapter_003: Inserting error_adapter: error_adapter_0
Info: mm_interconnect_1: "DE2_115_SOPC" instantiated altera_mm_interconnect "mm_interconnect_1"
Info: irq_mapper: "DE2_115_SOPC" instantiated altera_irq_mapper "irq_mapper"
Info: irq_synchronizer: "DE2_115_SOPC" instantiated altera_irq_clock_crosser "irq_synchronizer"
Info: rst_controller: "DE2_115_SOPC" instantiated altera_reset_controller "rst_controller"
Info: cpu_data_master_translator: "mm_interconnect_0" instantiated altera_merlin_master_translator "cpu_data_master_translator"
Info: jtag_uart_avalon_jtag_slave_translator: "mm_interconnect_0" instantiated altera_merlin_slave_translator "jtag_uart_avalon_jtag_slave_translator"
Info: cpu_data_master_agent: "mm_interconnect_0" instantiated altera_merlin_master_agent "cpu_data_master_agent"
Info: jtag_uart_avalon_jtag_slave_agent: "mm_interconnect_0" instantiated altera_merlin_slave_agent "jtag_uart_avalon_jtag_slave_agent"
Info: jtag_uart_avalon_jtag_slave_agent_rsp_fifo: "mm_interconnect_0" instantiated altera_avalon_sc_fifo "jtag_uart_avalon_jtag_slave_agent_rsp_fifo"
Info: router: "mm_interconnect_0" instantiated altera_merlin_router "router"
Info: router_001: "mm_interconnect_0" instantiated altera_merlin_router "router_001"
Info: router_002: "mm_interconnect_0" instantiated altera_merlin_router "router_002"
Info: router_003: "mm_interconnect_0" instantiated altera_merlin_router "router_003"
Info: router_004: "mm_interconnect_0" instantiated altera_merlin_router "router_004"
Info: cpu_data_master_limiter: "mm_interconnect_0" instantiated altera_merlin_traffic_limiter "cpu_data_master_limiter"
Info: Reusing file C:/Users/AlC/Desktop/DE2_115_NIOS_HOST_MOUSE_VGA/DE2_115_SOPC/synthesis/submodules/altera_avalon_sc_fifo.v
Info: sram_avalon_slave_burst_adapter: "mm_interconnect_0" instantiated altera_merlin_burst_adapter "sram_avalon_slave_burst_adapter"
Info: Reusing file C:/Users/AlC/Desktop/DE2_115_NIOS_HOST_MOUSE_VGA/DE2_115_SOPC/synthesis/submodules/altera_avalon_st_pipeline_base.v
Info: cmd_demux: "mm_interconnect_0" instantiated altera_merlin_demultiplexer "cmd_demux"
Info: cmd_demux_001: "mm_interconnect_0" instantiated altera_merlin_demultiplexer "cmd_demux_001"
Info: cmd_mux: "mm_interconnect_0" instantiated altera_merlin_multiplexer "cmd_mux"
Info: cmd_mux_001: "mm_interconnect_0" instantiated altera_merlin_multiplexer "cmd_mux_001"
Info: Reusing file C:/Users/AlC/Desktop/DE2_115_NIOS_HOST_MOUSE_VGA/DE2_115_SOPC/synthesis/submodules/altera_merlin_arbitrator.sv
Info: rsp_demux: "mm_interconnect_0" instantiated altera_merlin_demultiplexer "rsp_demux"
Info: rsp_demux_001: "mm_interconnect_0" instantiated altera_merlin_demultiplexer "rsp_demux_001"
Info: rsp_demux_003: "mm_interconnect_0" instantiated altera_merlin_demultiplexer "rsp_demux_003"
Info: rsp_demux_009: "mm_interconnect_0" instantiated altera_merlin_demultiplexer "rsp_demux_009"
Info: rsp_mux: "mm_interconnect_0" instantiated altera_merlin_multiplexer "rsp_mux"
Info: Reusing file C:/Users/AlC/Desktop/DE2_115_NIOS_HOST_MOUSE_VGA/DE2_115_SOPC/synthesis/submodules/altera_merlin_arbitrator.sv
Info: rsp_mux_001: "mm_interconnect_0" instantiated altera_merlin_multiplexer "rsp_mux_001"
Info: Reusing file C:/Users/AlC/Desktop/DE2_115_NIOS_HOST_MOUSE_VGA/DE2_115_SOPC/synthesis/submodules/altera_merlin_arbitrator.sv
Info: sram_avalon_slave_rsp_width_adapter: "mm_interconnect_0" instantiated altera_merlin_width_adapter "sram_avalon_slave_rsp_width_adapter"
Info: Reusing file C:/Users/AlC/Desktop/DE2_115_NIOS_HOST_MOUSE_VGA/DE2_115_SOPC/synthesis/submodules/altera_merlin_address_alignment.sv
Info: Reusing file C:/Users/AlC/Desktop/DE2_115_NIOS_HOST_MOUSE_VGA/DE2_115_SOPC/synthesis/submodules/altera_merlin_burst_uncompressor.sv
Info: crosser: "mm_interconnect_0" instantiated altera_avalon_st_handshake_clock_crosser "crosser"
Info: Reusing file C:/Users/AlC/Desktop/DE2_115_NIOS_HOST_MOUSE_VGA/DE2_115_SOPC/synthesis/submodules/altera_avalon_st_pipeline_base.v
Info: avalon_st_adapter: "mm_interconnect_0" instantiated altera_avalon_st_adapter "avalon_st_adapter"
Info: avalon_st_adapter_001: "mm_interconnect_0" instantiated altera_avalon_st_adapter "avalon_st_adapter_001"
Info: router: "mm_interconnect_1" instantiated altera_merlin_router "router"
Info: router_001: "mm_interconnect_1" instantiated altera_merlin_router "router_001"
Info: cmd_demux: "mm_interconnect_1" instantiated altera_merlin_demultiplexer "cmd_demux"
Info: cmd_mux: "mm_interconnect_1" instantiated altera_merlin_multiplexer "cmd_mux"
Info: Reusing file C:/Users/AlC/Desktop/DE2_115_NIOS_HOST_MOUSE_VGA/DE2_115_SOPC/synthesis/submodules/altera_merlin_arbitrator.sv
Info: rsp_demux: "mm_interconnect_1" instantiated altera_merlin_demultiplexer "rsp_demux"
Info: rsp_mux: "mm_interconnect_1" instantiated altera_merlin_multiplexer "rsp_mux"
Info: Reusing file C:/Users/AlC/Desktop/DE2_115_NIOS_HOST_MOUSE_VGA/DE2_115_SOPC/synthesis/submodules/altera_merlin_arbitrator.sv
Info: error_adapter_0: "avalon_st_adapter" instantiated error_adapter "error_adapter_0"
Info: error_adapter_0: "avalon_st_adapter_001" instantiated error_adapter "error_adapter_0"
Info: DE2_115_SOPC: Done "DE2_115_SOPC" with 55 modules, 89 files
Info: ip-generate succeeded.
Info: Finished: Create HDL design files for synthesis
